<?xml version="1.0" encoding="UTF-8"?>
<Site BuildName="Linux-g++"
	BuildStamp="20221231-1132-Experimental"
	Name="axelpop"
	Generator="ctest-3.22.1"
	CompilerName="/usr/bin/g++"
	CompilerVersion="11.3.0"
	OSName="Linux"
	Hostname="axelpop"
	OSRelease="6.0.12-76060006-generic"
	OSVersion="#202212290932~1671652965~22.04~452ea9d SMP PREEMPT_DYNAMIC Wed D"
	OSPlatform="x86_64"
	Is64Bits="1"
	VendorString="GenuineIntel"
	VendorID="Intel Corporation"
	FamilyID="6"
	ModelID="165"
	ProcessorCacheSize="12288"
	NumberOfLogicalCPU="12"
	NumberOfPhysicalCPU="6"
	TotalVirtualMemory="16383"
	TotalPhysicalMemory="15836"
	LogicalProcessorsPerPhysical="2"
	ProcessorClockFrequency="3999.92"
	>
	<Testing>
		<StartDateTime>Dec 31 19:32 CST</StartDateTime>
		<StartTestTime>1672486331</StartTestTime>
		<TestList/>
		<EndDateTime>Dec 31 19:32 CST</EndDateTime>
		<EndTestTime>1672486331</EndTestTime>
		<ElapsedMinutes>0</ElapsedMinutes>
	</Testing>
</Site>
